<?xml version="1.0" encoding="UTF-8"?>
<!-- Generated by org.testng.reporters.JUnitReportReporter -->
<testsuite hostname="LAPTOP-MKM29HK5" failures="0" tests="2" name="com.elocalshops.runner.ElocalshopsApp" time="14.369" errors="0" timestamp="2021-10-25T09:41:06 IST" skipped="0">
  <testcase classname="com.elocalshops.runner.ElocalshopsApp" name="loginTest" time="8.431"/>
  <system-out/>
  <testcase classname="com.elocalshops.runner.ElocalshopsApp" name="searchItemTest" time="5.938"/>
  <system-out/>
</testsuite> <!-- com.elocalshops.runner.ElocalshopsApp -->
